#
# There is insufficient memory for the Java Runtime Environment to continue.
# Cannot create GC thread. Out of system resources.
# Possible reasons:
#   The system is out of physical RAM or swap space
#   In 32 bit mode, the process size limit was hit
# Possible solutions:
#   Reduce memory load on the system
#   Increase physical memory or swap space
#   Check if swap backing store is full
#   Use 64 bit Java on a 64 bit OS
#   Decrease Java heap size (-Xmx/-Xms)
#   Decrease number of Java threads
#   Decrease Java thread stack sizes (-Xss)
#   Set larger code cache with -XX:ReservedCodeCacheSize=
# This output file may be truncated or incomplete.
#
#  Out of Memory Error (gcTaskThread.cpp:46), pid=32014, tid=140678449616704
#
# JRE version:  (7.0_65-b32) (build )
# Java VM: OpenJDK 64-Bit Server VM (24.65-b04 mixed mode linux-amd64 compressed oops)
# Derivative: IcedTea 2.5.3
# Distribution: Ubuntu 14.10, package 7u71-2.5.3-0ubuntu1
# Failed to write core dump. Core dumps have been disabled. To enable core dumping, try "ulimit -c unlimited" before starting Java again
#

---------------  T H R E A D  ---------------

Current thread (0x0000000002514800):  JavaThread "Unknown thread" [_thread_in_vm, id=32014, stack(0x00007fff70870000,0x00007fff70970000)]

Stack: [0x00007fff70870000,0x00007fff70970000],  sp=0x00007fff709689a0,  free space=994k
Native frames: (J=compiled Java code, j=interpreted, Vv=VM code, C=native code)
V  [libjvm.so+0x980aa6]  VMError::report_and_die()+0x186
V  [libjvm.so+0x48fed2]  report_vm_out_of_memory(char const*, int, unsigned long, char const*)+0x92
V  [libjvm.so+0x55448a]  GCTaskThread::GCTaskThread(GCTaskManager*, unsigned int, unsigned int)+0xfa
V  [libjvm.so+0x553797]  GCTaskManager::initialize()+0x2b7
V  [libjvm.so+0x81555d]  ParallelScavengeHeap::initialize()+0x78d
V  [libjvm.so+0x94b067]  Universe::initialize_heap()+0xc7
V  [libjvm.so+0x94b3b6]  universe_init()+0x76
V  [libjvm.so+0x5b025f]  init_globals()+0x5f
V  [libjvm.so+0x92c4ef]  Threads::create_vm(JavaVMInitArgs*, bool*)+0x36f
V  [libjvm.so+0x61f360]  JNI_CreateJavaVM+0x60
C  [libjli.so+0x2b8e]
C  [libjli.so+0x9dd9]
C  [libjli.so+0x4564]
C  [libjli.so+0x5685]  JLI_Launch+0xf95
C  [java+0x68a]


---------------  P R O C E S S  ---------------

Java Threads: ( => current thread )

Other Threads:

=>0x0000000002514800 (exited) JavaThread "Unknown thread" [_thread_in_vm, id=32014, stack(0x00007fff70870000,0x00007fff70970000)]

VM state:not at safepoint (not fully initialized)

VM Mutex/Monitor currently owned by a thread: None

GC Heap History (0 events):
No events

Deoptimization events (0 events):
No events

Internal exceptions (0 events):
No events

Events (0 events):
No events


Dynamic libraries:
00400000-00401000 r-xp 00000000 08:02 3674259                            /usr/lib/jvm/java-7-openjdk-amd64/jre/bin/java
00600000-00601000 r--p 00000000 08:02 3674259                            /usr/lib/jvm/java-7-openjdk-amd64/jre/bin/java
00601000-00602000 rw-p 00001000 08:02 3674259                            /usr/lib/jvm/java-7-openjdk-amd64/jre/bin/java
02507000-02549000 rw-p 00000000 00:00 0                                  [heap]
9b400000-9c900000 rw-p 00000000 00:00 0 
9c900000-a5a00000 rw-p 00000000 00:00 0 
a5a00000-a9600000 rw-p 00000000 00:00 0 
a9600000-e1e00000 rw-p 00000000 00:00 0 
e1e00000-e3c80000 rw-p 00000000 00:00 0 
e3c80000-100000000 rw-p 00000000 00:00 0 
7ff23a3ad000-7ff23a5f1000 rw-p 00000000 00:00 0 
7ff23a5f1000-7ff23a639000 rw-p 00000000 00:00 0 
7ff23a639000-7ff23a657000 rw-p 00000000 00:00 0 
7ff23a657000-7ff23a81b000 rw-p 00000000 00:00 0 
7ff23a81b000-7ff23a826000 rw-p 00000000 00:00 0 
7ff23a826000-7ff23a86e000 rw-p 00000000 00:00 0 
7ff23a86e000-7ff23a88c000 rw-p 00000000 00:00 0 
7ff23a88c000-7ff23aa50000 rw-p 00000000 00:00 0 
7ff23aa50000-7ff23aa60000 rw-p 00000000 00:00 0 
7ff23aa60000-7ff23ab41000 rw-p 00000000 00:00 0 
7ff23ab41000-7ff23ab42000 rw-p 00000000 00:00 0 
7ff23ab42000-7ff23adb2000 rwxp 00000000 00:00 0 
7ff23adb2000-7ff23db42000 rw-p 00000000 00:00 0 
7ff23db42000-7ff23db4a000 r-xp 00000000 08:02 3541645                    /usr/lib/jvm/java-7-openjdk-amd64/jre/lib/amd64/libzip.so
7ff23db4a000-7ff23dd49000 ---p 00008000 08:02 3541645                    /usr/lib/jvm/java-7-openjdk-amd64/jre/lib/amd64/libzip.so
7ff23dd49000-7ff23dd4a000 r--p 00007000 08:02 3541645                    /usr/lib/jvm/java-7-openjdk-amd64/jre/lib/amd64/libzip.so
7ff23dd4a000-7ff23dd4b000 rw-p 00008000 08:02 3541645                    /usr/lib/jvm/java-7-openjdk-amd64/jre/lib/amd64/libzip.so
7ff23dd4b000-7ff23dd56000 r-xp 00000000 08:02 15991073                   /lib/x86_64-linux-gnu/libnss_files-2.19.so
7ff23dd56000-7ff23df55000 ---p 0000b000 08:02 15991073                   /lib/x86_64-linux-gnu/libnss_files-2.19.so
7ff23df55000-7ff23df56000 r--p 0000a000 08:02 15991073                   /lib/x86_64-linux-gnu/libnss_files-2.19.so
7ff23df56000-7ff23df57000 rw-p 0000b000 08:02 15991073                   /lib/x86_64-linux-gnu/libnss_files-2.19.so
7ff23df57000-7ff23df62000 r-xp 00000000 08:02 15991065                   /lib/x86_64-linux-gnu/libnss_nis-2.19.so
7ff23df62000-7ff23e161000 ---p 0000b000 08:02 15991065                   /lib/x86_64-linux-gnu/libnss_nis-2.19.so
7ff23e161000-7ff23e162000 r--p 0000a000 08:02 15991065                   /lib/x86_64-linux-gnu/libnss_nis-2.19.so
7ff23e162000-7ff23e163000 rw-p 0000b000 08:02 15991065                   /lib/x86_64-linux-gnu/libnss_nis-2.19.so
7ff23e163000-7ff23e17a000 r-xp 00000000 08:02 15990987                   /lib/x86_64-linux-gnu/libnsl-2.19.so
7ff23e17a000-7ff23e379000 ---p 00017000 08:02 15990987                   /lib/x86_64-linux-gnu/libnsl-2.19.so
7ff23e379000-7ff23e37a000 r--p 00016000 08:02 15990987                   /lib/x86_64-linux-gnu/libnsl-2.19.so
7ff23e37a000-7ff23e37b000 rw-p 00017000 08:02 15990987                   /lib/x86_64-linux-gnu/libnsl-2.19.so
7ff23e37b000-7ff23e37d000 rw-p 00000000 00:00 0 
7ff23e37d000-7ff23e386000 r-xp 00000000 08:02 15990995                   /lib/x86_64-linux-gnu/libnss_compat-2.19.so
7ff23e386000-7ff23e585000 ---p 00009000 08:02 15990995                   /lib/x86_64-linux-gnu/libnss_compat-2.19.so
7ff23e585000-7ff23e586000 r--p 00008000 08:02 15990995                   /lib/x86_64-linux-gnu/libnss_compat-2.19.so
7ff23e586000-7ff23e587000 rw-p 00009000 08:02 15990995                   /lib/x86_64-linux-gnu/libnss_compat-2.19.so
7ff23e587000-7ff23e5b4000 r-xp 00000000 08:02 3541642                    /usr/lib/jvm/java-7-openjdk-amd64/jre/lib/amd64/libjava.so
7ff23e5b4000-7ff23e7b3000 ---p 0002d000 08:02 3541642                    /usr/lib/jvm/java-7-openjdk-amd64/jre/lib/amd64/libjava.so
7ff23e7b3000-7ff23e7b4000 r--p 0002c000 08:02 3541642                    /usr/lib/jvm/java-7-openjdk-amd64/jre/lib/amd64/libjava.so
7ff23e7b4000-7ff23e7b6000 rw-p 0002d000 08:02 3541642                    /usr/lib/jvm/java-7-openjdk-amd64/jre/lib/amd64/libjava.so
7ff23e7b6000-7ff23e7c7000 r-xp 00000000 08:02 3541719                    /usr/lib/jvm/java-7-openjdk-amd64/jre/lib/amd64/libverify.so
7ff23e7c7000-7ff23e9c6000 ---p 00011000 08:02 3541719                    /usr/lib/jvm/java-7-openjdk-amd64/jre/lib/amd64/libverify.so
7ff23e9c6000-7ff23e9c8000 r--p 00010000 08:02 3541719                    /usr/lib/jvm/java-7-openjdk-amd64/jre/lib/amd64/libverify.so
7ff23e9c8000-7ff23e9c9000 rw-p 00012000 08:02 3541719                    /usr/lib/jvm/java-7-openjdk-amd64/jre/lib/amd64/libverify.so
7ff23e9c9000-7ff23e9d0000 r-xp 00000000 08:02 15990998                   /lib/x86_64-linux-gnu/librt-2.19.so
7ff23e9d0000-7ff23ebcf000 ---p 00007000 08:02 15990998                   /lib/x86_64-linux-gnu/librt-2.19.so
7ff23ebcf000-7ff23ebd0000 r--p 00006000 08:02 15990998                   /lib/x86_64-linux-gnu/librt-2.19.so
7ff23ebd0000-7ff23ebd1000 rw-p 00007000 08:02 15990998                   /lib/x86_64-linux-gnu/librt-2.19.so
7ff23ebd1000-7ff23ebe7000 r-xp 00000000 08:02 15990873                   /lib/x86_64-linux-gnu/libgcc_s.so.1
7ff23ebe7000-7ff23ede6000 ---p 00016000 08:02 15990873                   /lib/x86_64-linux-gnu/libgcc_s.so.1
7ff23ede6000-7ff23ede7000 r--p 00015000 08:02 15990873                   /lib/x86_64-linux-gnu/libgcc_s.so.1
7ff23ede7000-7ff23ede8000 rw-p 00016000 08:02 15990873                   /lib/x86_64-linux-gnu/libgcc_s.so.1
7ff23ede8000-7ff23eeed000 r-xp 00000000 08:02 15991066                   /lib/x86_64-linux-gnu/libm-2.19.so
7ff23eeed000-7ff23f0ec000 ---p 00105000 08:02 15991066                   /lib/x86_64-linux-gnu/libm-2.19.so
7ff23f0ec000-7ff23f0ed000 r--p 00104000 08:02 15991066                   /lib/x86_64-linux-gnu/libm-2.19.so
7ff23f0ed000-7ff23f0ee000 rw-p 00105000 08:02 15991066                   /lib/x86_64-linux-gnu/libm-2.19.so
7ff23f0ee000-7ff23f1de000 r-xp 00000000 08:02 2625594                    /usr/lib/x86_64-linux-gnu/libstdc++.so.6.0.20
7ff23f1de000-7ff23f3de000 ---p 000f0000 08:02 2625594                    /usr/lib/x86_64-linux-gnu/libstdc++.so.6.0.20
7ff23f3de000-7ff23f3e6000 r--p 000f0000 08:02 2625594                    /usr/lib/x86_64-linux-gnu/libstdc++.so.6.0.20
7ff23f3e6000-7ff23f3e8000 rw-p 000f8000 08:02 2625594                    /usr/lib/x86_64-linux-gnu/libstdc++.so.6.0.20
7ff23f3e8000-7ff23f3fd000 rw-p 00000000 00:00 0 
7ff23f3fd000-7ff23ff4a000 r-xp 00000000 08:02 3670179                    /usr/lib/jvm/java-7-openjdk-amd64/jre/lib/amd64/server/libjvm.so
7ff23ff4a000-7ff24014a000 ---p 00b4d000 08:02 3670179                    /usr/lib/jvm/java-7-openjdk-amd64/jre/lib/amd64/server/libjvm.so
7ff24014a000-7ff2401e9000 r--p 00b4d000 08:02 3670179                    /usr/lib/jvm/java-7-openjdk-amd64/jre/lib/amd64/server/libjvm.so
7ff2401e9000-7ff24020c000 rw-p 00bec000 08:02 3670179                    /usr/lib/jvm/java-7-openjdk-amd64/jre/lib/amd64/server/libjvm.so
7ff24020c000-7ff240239000 rw-p 00000000 00:00 0 
7ff240239000-7ff240251000 r-xp 00000000 08:02 15994888                   /lib/x86_64-linux-gnu/libz.so.1.2.8
7ff240251000-7ff240450000 ---p 00018000 08:02 15994888                   /lib/x86_64-linux-gnu/libz.so.1.2.8
7ff240450000-7ff240451000 r--p 00017000 08:02 15994888                   /lib/x86_64-linux-gnu/libz.so.1.2.8
7ff240451000-7ff240452000 rw-p 00018000 08:02 15994888                   /lib/x86_64-linux-gnu/libz.so.1.2.8
7ff240452000-7ff24046a000 r-xp 00000000 08:02 15990996                   /lib/x86_64-linux-gnu/libpthread-2.19.so
7ff24046a000-7ff24066a000 ---p 00018000 08:02 15990996                   /lib/x86_64-linux-gnu/libpthread-2.19.so
7ff24066a000-7ff24066b000 r--p 00018000 08:02 15990996                   /lib/x86_64-linux-gnu/libpthread-2.19.so
7ff24066b000-7ff24066c000 rw-p 00019000 08:02 15990996                   /lib/x86_64-linux-gnu/libpthread-2.19.so
7ff24066c000-7ff240670000 rw-p 00000000 00:00 0 
7ff240670000-7ff240673000 r-xp 00000000 08:02 15991077                   /lib/x86_64-linux-gnu/libdl-2.19.so
7ff240673000-7ff240872000 ---p 00003000 08:02 15991077                   /lib/x86_64-linux-gnu/libdl-2.19.so
7ff240872000-7ff240873000 r--p 00002000 08:02 15991077                   /lib/x86_64-linux-gnu/libdl-2.19.so
7ff240873000-7ff240874000 rw-p 00003000 08:02 15991077                   /lib/x86_64-linux-gnu/libdl-2.19.so
7ff240874000-7ff240a2e000 r-xp 00000000 08:02 15990986                   /lib/x86_64-linux-gnu/libc-2.19.so
7ff240a2e000-7ff240c2e000 ---p 001ba000 08:02 15990986                   /lib/x86_64-linux-gnu/libc-2.19.so
7ff240c2e000-7ff240c32000 r--p 001ba000 08:02 15990986                   /lib/x86_64-linux-gnu/libc-2.19.so
7ff240c32000-7ff240c34000 rw-p 001be000 08:02 15990986                   /lib/x86_64-linux-gnu/libc-2.19.so
7ff240c34000-7ff240c39000 rw-p 00000000 00:00 0 
7ff240c39000-7ff240c46000 r-xp 00000000 08:02 3670182                    /usr/lib/jvm/java-7-openjdk-amd64/jre/lib/amd64/jli/libjli.so
7ff240c46000-7ff240e45000 ---p 0000d000 08:02 3670182                    /usr/lib/jvm/java-7-openjdk-amd64/jre/lib/amd64/jli/libjli.so
7ff240e45000-7ff240e46000 r--p 0000c000 08:02 3670182                    /usr/lib/jvm/java-7-openjdk-amd64/jre/lib/amd64/jli/libjli.so
7ff240e46000-7ff240e47000 rw-p 0000d000 08:02 3670182                    /usr/lib/jvm/java-7-openjdk-amd64/jre/lib/amd64/jli/libjli.so
7ff240e47000-7ff240e6a000 r-xp 00000000 08:02 15991068                   /lib/x86_64-linux-gnu/ld-2.19.so
7ff240e84000-7ff240e8e000 rw-p 00000000 00:00 0 
7ff240e8e000-7ff240f44000 rw-p 00000000 00:00 0 
7ff240f44000-7ff240f45000 ---p 00000000 00:00 0 
7ff240f45000-7ff24104a000 rw-p 00000000 00:00 0 
7ff24105a000-7ff24105d000 rw-p 00000000 00:00 0 
7ff24105d000-7ff241065000 rw-s 00000000 08:02 393719                     /tmp/hsperfdata_samuel/32014
7ff241065000-7ff241066000 rw-p 00000000 00:00 0 
7ff241066000-7ff241067000 r--p 00000000 00:00 0 
7ff241067000-7ff241069000 rw-p 00000000 00:00 0 
7ff241069000-7ff24106a000 r--p 00022000 08:02 15991068                   /lib/x86_64-linux-gnu/ld-2.19.so
7ff24106a000-7ff24106b000 rw-p 00023000 08:02 15991068                   /lib/x86_64-linux-gnu/ld-2.19.so
7ff24106b000-7ff24106c000 rw-p 00000000 00:00 0 
7fff70870000-7fff70873000 ---p 00000000 00:00 0 
7fff70874000-7fff70970000 rw-p 00000000 00:00 0                          [stack]
7fff709fc000-7fff709fe000 r-xp 00000000 00:00 0                          [vdso]
7fff709fe000-7fff70a00000 r--p 00000000 00:00 0                          [vvar]
ffffffffff600000-ffffffffff601000 r-xp 00000000 00:00 0                  [vsyscall]

VM Arguments:
jvm_args: -Dfile.encoding=UTF-8 
java_command: samkeeleyong.mscs.week2.BitonicSorter
Launcher Type: SUN_STANDARD

Environment Variables:
PATH=/usr/local/sbin:/usr/local/bin:/usr/sbin:/usr/bin:/sbin:/bin:/usr/games:/usr/local/games
SHELL=/bin/bash
DISPLAY=:0.0

Signal Handlers:
SIGSEGV: [libjvm.so+0x981590], sa_mask[0]=0x7ffbfeff, sa_flags=0x10000004
SIGBUS: [libjvm.so+0x981590], sa_mask[0]=0x7ffbfeff, sa_flags=0x10000004
SIGFPE: [libjvm.so+0x7efd60], sa_mask[0]=0x7ffbfeff, sa_flags=0x10000004
SIGPIPE: [libjvm.so+0x7efd60], sa_mask[0]=0x7ffbfeff, sa_flags=0x10000004
SIGXFSZ: [libjvm.so+0x7efd60], sa_mask[0]=0x7ffbfeff, sa_flags=0x10000004
SIGILL: [libjvm.so+0x7efd60], sa_mask[0]=0x7ffbfeff, sa_flags=0x10000004
SIGUSR1: SIG_DFL, sa_mask[0]=0x00000000, sa_flags=0x00000000
SIGUSR2: [libjvm.so+0x7efbe0], sa_mask[0]=0x00000004, sa_flags=0x10000004
SIGHUP: SIG_DFL, sa_mask[0]=0x00000000, sa_flags=0x00000000
SIGINT: SIG_DFL, sa_mask[0]=0x00000000, sa_flags=0x00000000
SIGTERM: SIG_DFL, sa_mask[0]=0x00000000, sa_flags=0x00000000
SIGQUIT: SIG_DFL, sa_mask[0]=0x00000000, sa_flags=0x00000000
SIGTRAP: SIG_DFL, sa_mask[0]=0x00000000, sa_flags=0x00000000


---------------  S Y S T E M  ---------------

OS:Ubuntu 14.10 (utopic)
uname:Linux 3.16.0-28-generic #37-Ubuntu SMP Mon Dec 8 17:15:28 UTC 2014 x86_64
libc:glibc 2.19 NPTL 2.19 
rlimit: STACK 8192k, CORE 0k, NPROC 22821, NOFILE 4096, AS infinity
load average:2.42 9.05 7.96

/proc/meminfo:
MemTotal:        5920128 kB
MemFree:          126532 kB
MemAvailable:     742236 kB
Buffers:           47308 kB
Cached:          1200808 kB
SwapCached:         2996 kB
Active:          3537752 kB
Inactive:        1504368 kB
Active(anon):    3157596 kB
Inactive(anon):  1135532 kB
Active(file):     380156 kB
Inactive(file):   368836 kB
Unevictable:         256 kB
Mlocked:             256 kB
SwapTotal:       6097916 kB
SwapFree:        6083204 kB
Dirty:               332 kB
Writeback:             0 kB
AnonPages:       3791912 kB
Mapped:           344692 kB
Shmem:            498832 kB
Slab:             206428 kB
SReclaimable:      71276 kB
SUnreclaim:       135152 kB
KernelStack:      368672 kB
PageTables:        92796 kB
NFS_Unstable:          0 kB
Bounce:                0 kB
WritebackTmp:          0 kB
CommitLimit:     9057980 kB
Committed_AS:   31570880 kB
VmallocTotal:   34359738367 kB
VmallocUsed:      413608 kB
VmallocChunk:   34359312236 kB
HardwareCorrupted:     0 kB
AnonHugePages:    870400 kB
HugePages_Total:       0
HugePages_Free:        0
HugePages_Rsvd:        0
HugePages_Surp:        0
Hugepagesize:       2048 kB
DirectMap4k:       73296 kB
DirectMap2M:     6025216 kB


CPU:total 8 (4 cores per cpu, 2 threads per core) family 6 model 42 stepping 7, cmov, cx8, fxsr, mmx, sse, sse2, sse3, ssse3, sse4.1, sse4.2, popcnt, avx, aes, ht, tsc, tscinvbit

/proc/cpuinfo:
processor	: 0
vendor_id	: GenuineIntel
cpu family	: 6
model		: 42
model name	: Intel(R) Core(TM) i7-2670QM CPU @ 2.20GHz
stepping	: 7
microcode	: 0x23
cpu MHz		: 2200.000
cache size	: 6144 KB
physical id	: 0
siblings	: 8
core id		: 0
cpu cores	: 4
apicid		: 0
initial apicid	: 0
fpu		: yes
fpu_exception	: yes
cpuid level	: 13
wp		: yes
flags		: fpu vme de pse tsc msr pae mce cx8 apic sep mtrr pge mca cmov pat pse36 clflush dts acpi mmx fxsr sse sse2 ss ht tm pbe syscall nx rdtscp lm constant_tsc arch_perfmon pebs bts nopl xtopology nonstop_tsc aperfmperf eagerfpu pni pclmulqdq dtes64 monitor ds_cpl vmx est tm2 ssse3 cx16 xtpr pdcm pcid sse4_1 sse4_2 x2apic popcnt tsc_deadline_timer aes xsave avx lahf_lm arat epb xsaveopt pln pts dtherm tpr_shadow vnmi flexpriority ept vpid
bogomips	: 4390.23
clflush size	: 64
cache_alignment	: 64
address sizes	: 36 bits physical, 48 bits virtual
power management:

processor	: 1
vendor_id	: GenuineIntel
cpu family	: 6
model		: 42
model name	: Intel(R) Core(TM) i7-2670QM CPU @ 2.20GHz
stepping	: 7
microcode	: 0x23
cpu MHz		: 2200.000
cache size	: 6144 KB
physical id	: 0
siblings	: 8
core id		: 0
cpu cores	: 4
apicid		: 1
initial apicid	: 1
fpu		: yes
fpu_exception	: yes
cpuid level	: 13
wp		: yes
flags		: fpu vme de pse tsc msr pae mce cx8 apic sep mtrr pge mca cmov pat pse36 clflush dts acpi mmx fxsr sse sse2 ss ht tm pbe syscall nx rdtscp lm constant_tsc arch_perfmon pebs bts nopl xtopology nonstop_tsc aperfmperf eagerfpu pni pclmulqdq dtes64 monitor ds_cpl vmx est tm2 ssse3 cx16 xtpr pdcm pcid sse4_1 sse4_2 x2apic popcnt tsc_deadline_timer aes xsave avx lahf_lm arat epb xsaveopt pln pts dtherm tpr_shadow vnmi flexpriority ept vpid
bogomips	: 4390.23
clflush size	: 64
cache_alignment	: 64
address sizes	: 36 bits physical, 48 bits virtual
power management:

processor	: 2
vendor_id	: GenuineIntel
cpu family	: 6
model		: 42
model name	: Intel(R) Core(TM) i7-2670QM CPU @ 2.20GHz
stepping	: 7
microcode	: 0x23
cpu MHz		: 2200.000
cache size	: 6144 KB
physical id	: 0
siblings	: 8
core id		: 1
cpu cores	: 4
apicid		: 2
initial apicid	: 2
fpu		: yes
fpu_exception	: yes
cpuid level	: 13
wp		: yes
flags		: fpu vme de pse tsc msr pae mce cx8 apic sep mtrr pge mca cmov pat pse36 clflush dts acpi mmx fxsr sse sse2 ss ht tm pbe syscall nx rdtscp lm constant_tsc arch_perfmon pebs bts nopl xtopology nonstop_tsc aperfmperf eagerfpu pni pclmulqdq dtes64 monitor ds_cpl vmx est tm2 ssse3 cx16 xtpr pdcm pcid sse4_1 sse4_2 x2apic popcnt tsc_deadline_timer aes xsave avx lahf_lm arat epb xsaveopt pln pts dtherm tpr_shadow vnmi flexpriority ept vpid
bogomips	: 4390.23
clflush size	: 64
cache_alignment	: 64
address sizes	: 36 bits physical, 48 bits virtual
power management:

processor	: 3
vendor_id	: GenuineIntel
cpu family	: 6
model		: 42
model name	: Intel(R) Core(TM) i7-2670QM CPU @ 2.20GHz
stepping	: 7
microcode	: 0x23
cpu MHz		: 2200.000
cache size	: 6144 KB
physical id	: 0
siblings	: 8
core id		: 1
cpu cores	: 4
apicid		: 3
initial apicid	: 3
fpu		: yes
fpu_exception	: yes
cpuid level	: 13
wp		: yes
flags		: fpu vme de pse tsc msr pae mce cx8 apic sep mtrr pge mca cmov pat pse36 clflush dts acpi mmx fxsr sse sse2 ss ht tm pbe syscall nx rdtscp lm constant_tsc arch_perfmon pebs bts nopl xtopology nonstop_tsc aperfmperf eagerfpu pni pclmulqdq dtes64 monitor ds_cpl vmx est tm2 ssse3 cx16 xtpr pdcm pcid sse4_1 sse4_2 x2apic popcnt tsc_deadline_timer aes xsave avx lahf_lm arat epb xsaveopt pln pts dtherm tpr_shadow vnmi flexpriority ept vpid
bogomips	: 4390.23
clflush size	: 64
cache_alignment	: 64
address sizes	: 36 bits physical, 48 bits virtual
power management:

processor	: 4
vendor_id	: GenuineIntel
cpu family	: 6
model		: 42
model name	: Intel(R) Core(TM) i7-2670QM CPU @ 2.20GHz
stepping	: 7
microcode	: 0x23
cpu MHz		: 2200.000
cache size	: 6144 KB
physical id	: 0
siblings	: 8
core id		: 2
cpu cores	: 4
apicid		: 4
initial apicid	: 4
fpu		: yes
fpu_exception	: yes
cpuid level	: 13
wp		: yes
flags		: fpu vme de pse tsc msr pae mce cx8 apic sep mtrr pge mca cmov pat pse36 clflush dts acpi mmx fxsr sse sse2 ss ht tm pbe syscall nx rdtscp lm constant_tsc arch_perfmon pebs bts nopl xtopology nonstop_tsc aperfmperf eagerfpu pni pclmulqdq dtes64 monitor ds_cpl vmx est tm2 ssse3 cx16 xtpr pdcm pcid sse4_1 sse4_2 x2apic popcnt tsc_deadline_timer aes xsave avx lahf_lm arat epb xsaveopt pln pts dtherm tpr_shadow vnmi flexpriority ept vpid
bogomips	: 4390.23
clflush size	: 64
cache_alignment	: 64
address sizes	: 36 bits physical, 48 bits virtual
power management:

processor	: 5
vendor_id	: GenuineIntel
cpu family	: 6
model		: 42
model name	: Intel(R) Core(TM) i7-2670QM CPU @ 2.20GHz
stepping	: 7
microcode	: 0x23
cpu MHz		: 2200.000
cache size	: 6144 KB
physical id	: 0
siblings	: 8
core id		: 2
cpu cores	: 4
apicid		: 5
initial apicid	: 5
fpu		: yes
fpu_exception	: yes
cpuid level	: 13
wp		: yes
flags		: fpu vme de pse tsc msr pae mce cx8 apic sep mtrr pge mca cmov pat pse36 clflush dts acpi mmx fxsr sse sse2 ss ht tm pbe syscall nx rdtscp lm constant_tsc arch_perfmon pebs bts nopl xtopology nonstop_tsc aperfmperf eagerfpu pni pclmulqdq dtes64 monitor ds_cpl vmx est tm2 ssse3 cx16 xtpr pdcm pcid sse4_1 sse4_2 x2apic popcnt tsc_deadline_timer aes xsave avx lahf_lm arat epb xsaveopt pln pts dtherm tpr_shadow vnmi flexpriority ept vpid
bogomips	: 4390.23
clflush size	: 64
cache_alignment	: 64
address sizes	: 36 bits physical, 48 bits virtual
power management:

processor	: 6
vendor_id	: GenuineIntel
cpu family	: 6
model		: 42
model name	: Intel(R) Core(TM) i7-2670QM CPU @ 2.20GHz
stepping	: 7
microcode	: 0x23
cpu MHz		: 2200.085
cache size	: 6144 KB
physical id	: 0
siblings	: 8
core id		: 3
cpu cores	: 4
apicid		: 6
initial apicid	: 6
fpu		: yes
fpu_exception	: yes
cpuid level	: 13
wp		: yes
flags		: fpu vme de pse tsc msr pae mce cx8 apic sep mtrr pge mca cmov pat pse36 clflush dts acpi mmx fxsr sse sse2 ss ht tm pbe syscall nx rdtscp lm constant_tsc arch_perfmon pebs bts nopl xtopology nonstop_tsc aperfmperf eagerfpu pni pclmulqdq dtes64 monitor ds_cpl vmx est tm2 ssse3 cx16 xtpr pdcm pcid sse4_1 sse4_2 x2apic popcnt tsc_deadline_timer aes xsave avx lahf_lm arat epb xsaveopt pln pts dtherm tpr_shadow vnmi flexpriority ept vpid
bogomips	: 4390.23
clflush size	: 64
cache_alignment	: 64
address sizes	: 36 bits physical, 48 bits virtual
power management:

processor	: 7
vendor_id	: GenuineIntel
cpu family	: 6
model		: 42
model name	: Intel(R) Core(TM) i7-2670QM CPU @ 2.20GHz
stepping	: 7
microcode	: 0x23
cpu MHz		: 2200.000
cache size	: 6144 KB
physical id	: 0
siblings	: 8
core id		: 3
cpu cores	: 4
apicid		: 7
initial apicid	: 7
fpu		: yes
fpu_exception	: yes
cpuid level	: 13
wp		: yes
flags		: fpu vme de pse tsc msr pae mce cx8 apic sep mtrr pge mca cmov pat pse36 clflush dts acpi mmx fxsr sse sse2 ss ht tm pbe syscall nx rdtscp lm constant_tsc arch_perfmon pebs bts nopl xtopology nonstop_tsc aperfmperf eagerfpu pni pclmulqdq dtes64 monitor ds_cpl vmx est tm2 ssse3 cx16 xtpr pdcm pcid sse4_1 sse4_2 x2apic popcnt tsc_deadline_timer aes xsave avx lahf_lm arat epb xsaveopt pln pts dtherm tpr_shadow vnmi flexpriority ept vpid
bogomips	: 4390.23
clflush size	: 64
cache_alignment	: 64
address sizes	: 36 bits physical, 48 bits virtual
power management:



Memory: 4k page, physical 5920128k(126532k free), swap 6097916k(6083204k free)

vm_info: OpenJDK 64-Bit Server VM (24.65-b04) for linux-amd64 JRE (1.7.0_65-b32), built on Oct 22 2014 04:20:25 by "buildd" with gcc 4.9.1

time: Thu Oct 15 00:40:48 2015
elapsed time: 0 seconds

